
------------------------------------------------------------------------------------------------------------------------------------------------------
[ERROR] 2018-07-17 02:10:40 java.sql.SQLException: No value specified for parameter 1

Details:java.sql.SQLException: No value specified for parameter 1
	at com.mysql.cj.jdbc.exceptions.SQLError.createSQLException(SQLError.java:127)
	at com.mysql.cj.jdbc.exceptions.SQLError.createSQLException(SQLError.java:95)
	at com.mysql.cj.jdbc.exceptions.SQLExceptionsMapping.translateException(SQLExceptionsMapping.java:122)
	at com.mysql.cj.jdbc.ClientPreparedStatement.executeUpdateInternal(ClientPreparedStatement.java:1139)
	at com.mysql.cj.jdbc.ClientPreparedStatement.executeUpdateInternal(ClientPreparedStatement.java:1066)
	at com.mysql.cj.jdbc.ClientPreparedStatement.executeLargeUpdate(ClientPreparedStatement.java:1396)
	at com.mysql.cj.jdbc.ClientPreparedStatement.executeUpdate(ClientPreparedStatement.java:1051)
	at services.impl.CRUDImpl.create(CRUDImpl.java:62)
	at CrudTest.main(CrudTest.java:41)
------------------------------------------------------------------------------------------------------------------------------------------------------

------------------------------------------------------------------------------------------------------------------------------------------------------
[ERROR] 2018-07-17 02:12:39 java.lang.ClassCastException: Cannot cast [B to java.io.InputStream

Details:java.lang.ClassCastException: Cannot cast [B to java.io.InputStream
	at java.lang.Class.cast(Unknown Source)
	at services.impl.CRUDImpl.read(CRUDImpl.java:141)
	at services.impl.CRUDImpl.create(CRUDImpl.java:79)
	at CrudTest.main(CrudTest.java:41)
------------------------------------------------------------------------------------------------------------------------------------------------------

------------------------------------------------------------------------------------------------------------------------------------------------------
[ERROR] 2018-07-17 02:31:58 java.lang.ClassCastException: Cannot cast [B to java.io.InputStream

Details:java.lang.ClassCastException: Cannot cast [B to java.io.InputStream
	at java.lang.Class.cast(Unknown Source)
	at services.impl.CRUDImpl.read(CRUDImpl.java:141)
	at services.impl.CRUDImpl.create(CRUDImpl.java:79)
	at CrudTest.main(CrudTest.java:41)
------------------------------------------------------------------------------------------------------------------------------------------------------
